127.0.0.1 - - [21/Jan/2023:14:32:53 -0300] "GET /evolpos HTTP/1.1" 302 24
127.0.0.1 - - [21/Jan/2023:14:32:55 -0300] "GET / HTTP/1.1" 200 10
127.0.0.1 - - [21/Jan/2023:14:42:50 -0300] "GET /evolpos HTTP/1.1" 302 24
127.0.0.1 - - [21/Jan/2023:14:42:53 -0300] "GET / HTTP/1.1" 200 10
127.0.0.1 - - [21/Jan/2023:14:49:38 -0300] "GET /evolpos HTTP/1.1" 302 24
127.0.0.1 - - [21/Jan/2023:14:49:40 -0300] "GET / HTTP/1.1" 200 10
::1 - - [21/Jan/2023:15:49:05 -0300] "POST /protocols HTTP/1.1" 401 0
::1 - - [21/Jan/2023:15:49:05 -0300] "POST /protocols HTTP/1.1" 401 0
::1 - - [21/Jan/2023:15:49:05 -0300] "POST /urls HTTP/1.1" 401 0
::1 - - [21/Jan/2023:15:49:05 -0300] "POST /users HTTP/1.1" 401 0
::1 - - [21/Jan/2023:15:49:05 -0300] "POST /users HTTP/1.1" 401 0
::1 - - [21/Jan/2023:15:49:05 -0300] "POST /info-users HTTP/1.1" 401 0
::1 - - [21/Jan/2023:15:49:05 -0300] "POST /info-users HTTP/1.1" 401 0
::1 - - [21/Jan/2023:16:01:20 -0300] "POST /protocols HTTP/1.1" 401 0
::1 - - [21/Jan/2023:16:01:20 -0300] "POST /protocols HTTP/1.1" 401 0
::1 - - [21/Jan/2023:16:01:20 -0300] "POST /urls HTTP/1.1" 401 0
::1 - - [21/Jan/2023:16:01:20 -0300] "POST /users HTTP/1.1" 401 0
::1 - - [21/Jan/2023:16:01:20 -0300] "POST /users HTTP/1.1" 401 0
::1 - - [21/Jan/2023:16:01:20 -0300] "POST /info-users HTTP/1.1" 401 0
::1 - - [21/Jan/2023:16:01:20 -0300] "POST /info-users HTTP/1.1" 401 0
::1 - - [21/Jan/2023:16:01:20 -0300] "POST /endpoints HTTP/1.1" 401 0
::1 - - [21/Jan/2023:16:01:20 -0300] "POST /query-values HTTP/1.1" 401 0
::1 - - [21/Jan/2023:16:01:20 -0300] "POST /query-values HTTP/1.1" 401 0
::1 - - [21/Jan/2023:16:01:20 -0300] "POST /query-values HTTP/1.1" 401 0
::1 - - [21/Jan/2023:16:01:20 -0300] "POST /query-values HTTP/1.1" 401 0
::1 - - [21/Jan/2023:16:01:20 -0300] "POST /query-values HTTP/1.1" 401 0
::1 - - [21/Jan/2023:16:01:20 -0300] "POST /query-values HTTP/1.1" 401 0
::1 - - [21/Jan/2023:16:01:20 -0300] "POST /query-keys HTTP/1.1" 401 0
::1 - - [21/Jan/2023:16:01:20 -0300] "POST /query-keys HTTP/1.1" 401 0
::1 - - [21/Jan/2023:16:01:20 -0300] "POST /query-keys HTTP/1.1" 401 0
::1 - - [21/Jan/2023:16:04:02 -0300] "POST /protocols HTTP/1.1" 401 0
::1 - - [21/Jan/2023:16:04:02 -0300] "POST /protocols HTTP/1.1" 401 0
::1 - - [21/Jan/2023:16:04:02 -0300] "POST /urls HTTP/1.1" 401 0
::1 - - [21/Jan/2023:16:04:02 -0300] "POST /users HTTP/1.1" 401 0
::1 - - [21/Jan/2023:16:04:02 -0300] "POST /users HTTP/1.1" 401 0
::1 - - [21/Jan/2023:16:04:02 -0300] "POST /info-users HTTP/1.1" 401 0
::1 - - [21/Jan/2023:16:04:02 -0300] "POST /info-users HTTP/1.1" 401 0
::1 - - [21/Jan/2023:16:04:02 -0300] "POST /endpoints HTTP/1.1" 401 0
::1 - - [21/Jan/2023:16:04:02 -0300] "POST /query-values HTTP/1.1" 401 0
::1 - - [21/Jan/2023:16:04:02 -0300] "POST /query-values HTTP/1.1" 401 0
::1 - - [21/Jan/2023:16:04:02 -0300] "POST /query-values HTTP/1.1" 401 0
::1 - - [21/Jan/2023:16:04:02 -0300] "POST /query-values HTTP/1.1" 401 0
::1 - - [21/Jan/2023:16:04:02 -0300] "POST /query-values HTTP/1.1" 401 0
::1 - - [21/Jan/2023:16:04:02 -0300] "POST /query-values HTTP/1.1" 401 0
::1 - - [21/Jan/2023:16:04:02 -0300] "POST /query-keys HTTP/1.1" 401 0
::1 - - [21/Jan/2023:16:04:02 -0300] "POST /query-keys HTTP/1.1" 401 0
::1 - - [21/Jan/2023:16:04:02 -0300] "POST /query-keys HTTP/1.1" 401 0
::1 - - [21/Jan/2023:16:20:25 -0300] "POST /protocols HTTP/1.1" 401 0
::1 - - [21/Jan/2023:16:20:25 -0300] "POST /protocols HTTP/1.1" 401 0
::1 - - [21/Jan/2023:16:20:25 -0300] "POST /urls HTTP/1.1" 401 0
::1 - - [21/Jan/2023:16:20:25 -0300] "POST /users HTTP/1.1" 401 0
::1 - - [21/Jan/2023:16:20:25 -0300] "POST /users HTTP/1.1" 401 0
::1 - - [21/Jan/2023:16:20:25 -0300] "POST /info-users HTTP/1.1" 401 0
::1 - - [21/Jan/2023:16:20:25 -0300] "POST /info-users HTTP/1.1" 401 0
::1 - - [21/Jan/2023:16:20:25 -0300] "POST /endpoints HTTP/1.1" 401 0
::1 - - [21/Jan/2023:16:20:25 -0300] "POST /query-values HTTP/1.1" 401 0
::1 - - [21/Jan/2023:16:20:25 -0300] "POST /query-values HTTP/1.1" 401 0
::1 - - [21/Jan/2023:16:20:25 -0300] "POST /query-values HTTP/1.1" 401 0
::1 - - [21/Jan/2023:16:20:25 -0300] "POST /query-values HTTP/1.1" 401 0
::1 - - [21/Jan/2023:16:20:25 -0300] "POST /query-values HTTP/1.1" 401 0
::1 - - [21/Jan/2023:16:20:25 -0300] "POST /query-values HTTP/1.1" 401 0
::1 - - [21/Jan/2023:16:20:25 -0300] "POST /query-keys HTTP/1.1" 401 0
::1 - - [21/Jan/2023:16:20:25 -0300] "POST /query-keys HTTP/1.1" 401 0
::1 - - [21/Jan/2023:16:20:25 -0300] "POST /query-keys HTTP/1.1" 401 0
::1 - - [21/Jan/2023:16:50:41 -0300] "POST /protocols HTTP/1.1" 401 0
::1 - - [21/Jan/2023:16:50:41 -0300] "POST /protocols HTTP/1.1" 401 0
::1 - - [21/Jan/2023:16:50:41 -0300] "POST /urls HTTP/1.1" 401 0
::1 - - [21/Jan/2023:16:50:41 -0300] "POST /users HTTP/1.1" 401 0
::1 - - [21/Jan/2023:16:50:41 -0300] "POST /users HTTP/1.1" 401 0
::1 - - [21/Jan/2023:16:50:41 -0300] "POST /info-users HTTP/1.1" 401 0
::1 - - [21/Jan/2023:16:50:41 -0300] "POST /info-users HTTP/1.1" 401 0
::1 - - [21/Jan/2023:16:50:41 -0300] "POST /endpoints HTTP/1.1" 401 0
::1 - - [21/Jan/2023:16:50:41 -0300] "POST /query-values HTTP/1.1" 401 0
::1 - - [21/Jan/2023:16:50:41 -0300] "POST /query-values HTTP/1.1" 401 0
::1 - - [21/Jan/2023:16:50:41 -0300] "POST /query-values HTTP/1.1" 401 0
::1 - - [21/Jan/2023:16:50:41 -0300] "POST /query-values HTTP/1.1" 401 0
::1 - - [21/Jan/2023:16:50:41 -0300] "POST /query-values HTTP/1.1" 401 0
::1 - - [21/Jan/2023:16:50:41 -0300] "POST /query-values HTTP/1.1" 401 0
::1 - - [21/Jan/2023:16:50:41 -0300] "POST /query-keys HTTP/1.1" 401 0
::1 - - [21/Jan/2023:16:50:41 -0300] "POST /query-keys HTTP/1.1" 401 0
::1 - - [21/Jan/2023:16:50:41 -0300] "POST /query-keys HTTP/1.1" 401 0
::1 - - [21/Jan/2023:16:52:10 -0300] "POST /protocols HTTP/1.1" 401 0
::1 - - [21/Jan/2023:16:52:10 -0300] "POST /protocols HTTP/1.1" 401 0
::1 - - [21/Jan/2023:16:52:10 -0300] "POST /urls HTTP/1.1" 401 0
::1 - - [21/Jan/2023:16:52:10 -0300] "POST /users HTTP/1.1" 401 0
::1 - - [21/Jan/2023:16:52:10 -0300] "POST /users HTTP/1.1" 401 0
::1 - - [21/Jan/2023:16:52:10 -0300] "POST /info-users HTTP/1.1" 401 0
::1 - - [21/Jan/2023:16:52:10 -0300] "POST /info-users HTTP/1.1" 401 0
::1 - - [21/Jan/2023:16:52:10 -0300] "POST /endpoints HTTP/1.1" 401 0
::1 - - [21/Jan/2023:16:52:10 -0300] "POST /query-values HTTP/1.1" 401 0
::1 - - [21/Jan/2023:16:52:10 -0300] "POST /query-values HTTP/1.1" 401 0
::1 - - [21/Jan/2023:16:52:10 -0300] "POST /query-values HTTP/1.1" 401 0
::1 - - [21/Jan/2023:16:52:10 -0300] "POST /query-values HTTP/1.1" 401 0
::1 - - [21/Jan/2023:16:52:10 -0300] "POST /query-values HTTP/1.1" 401 0
::1 - - [21/Jan/2023:16:52:10 -0300] "POST /query-values HTTP/1.1" 401 0
::1 - - [21/Jan/2023:16:52:10 -0300] "POST /query-keys HTTP/1.1" 401 0
::1 - - [21/Jan/2023:16:52:10 -0300] "POST /query-keys HTTP/1.1" 401 0
::1 - - [21/Jan/2023:16:52:10 -0300] "POST /query-keys HTTP/1.1" 401 0
::1 - - [21/Jan/2023:20:56:40 -0300] "POST /protocols HTTP/1.1" 401 0
::1 - - [21/Jan/2023:20:56:40 -0300] "POST /protocols HTTP/1.1" 401 0
::1 - - [21/Jan/2023:20:56:40 -0300] "POST /urls HTTP/1.1" 401 0
::1 - - [21/Jan/2023:20:56:40 -0300] "POST /users HTTP/1.1" 401 0
::1 - - [21/Jan/2023:20:56:40 -0300] "POST /users HTTP/1.1" 401 0
::1 - - [21/Jan/2023:20:56:40 -0300] "POST /info-users HTTP/1.1" 401 0
::1 - - [21/Jan/2023:20:56:40 -0300] "POST /info-users HTTP/1.1" 401 0
::1 - - [21/Jan/2023:20:56:40 -0300] "POST /endpoints HTTP/1.1" 401 0
::1 - - [21/Jan/2023:20:56:40 -0300] "POST /query-values HTTP/1.1" 401 0
::1 - - [21/Jan/2023:20:56:40 -0300] "POST /query-values HTTP/1.1" 401 0
::1 - - [21/Jan/2023:20:56:40 -0300] "POST /query-values HTTP/1.1" 401 0
::1 - - [21/Jan/2023:20:56:40 -0300] "POST /query-values HTTP/1.1" 401 0
::1 - - [21/Jan/2023:20:56:40 -0300] "POST /query-values HTTP/1.1" 401 0
::1 - - [21/Jan/2023:20:56:40 -0300] "POST /query-values HTTP/1.1" 401 0
::1 - - [21/Jan/2023:20:56:40 -0300] "POST /query-keys HTTP/1.1" 401 0
::1 - - [21/Jan/2023:20:56:40 -0300] "POST /query-keys HTTP/1.1" 401 0
::1 - - [21/Jan/2023:20:56:40 -0300] "POST /query-keys HTTP/1.1" 401 0
::1 - - [21/Jan/2023:21:07:19 -0300] "POST /protocols HTTP/1.1" 401 0
::1 - - [21/Jan/2023:21:07:19 -0300] "POST /protocols HTTP/1.1" 401 0
::1 - - [21/Jan/2023:21:07:19 -0300] "POST /urls HTTP/1.1" 401 0
::1 - - [21/Jan/2023:21:07:19 -0300] "POST /users HTTP/1.1" 401 0
::1 - - [21/Jan/2023:21:07:19 -0300] "POST /users HTTP/1.1" 401 0
::1 - - [21/Jan/2023:21:07:19 -0300] "POST /info-users HTTP/1.1" 401 0
::1 - - [21/Jan/2023:21:07:19 -0300] "POST /info-users HTTP/1.1" 401 0
::1 - - [21/Jan/2023:21:07:19 -0300] "POST /endpoints HTTP/1.1" 401 0
::1 - - [21/Jan/2023:21:07:19 -0300] "POST /query-values HTTP/1.1" 401 0
::1 - - [21/Jan/2023:21:07:19 -0300] "POST /query-values HTTP/1.1" 401 0
::1 - - [21/Jan/2023:21:07:19 -0300] "POST /query-values HTTP/1.1" 401 0
::1 - - [21/Jan/2023:21:07:19 -0300] "POST /query-values HTTP/1.1" 401 0
::1 - - [21/Jan/2023:21:07:19 -0300] "POST /query-values HTTP/1.1" 401 0
::1 - - [21/Jan/2023:21:07:19 -0300] "POST /query-values HTTP/1.1" 401 0
::1 - - [21/Jan/2023:21:07:19 -0300] "POST /query-keys HTTP/1.1" 401 0
::1 - - [21/Jan/2023:21:07:19 -0300] "POST /query-keys HTTP/1.1" 401 0
::1 - - [21/Jan/2023:21:07:19 -0300] "POST /query-keys HTTP/1.1" 401 0
::1 - - [21/Jan/2023:21:14:29 -0300] "POST /protocols HTTP/1.1" 401 0
::1 - - [21/Jan/2023:21:14:29 -0300] "POST /protocols HTTP/1.1" 401 0
::1 - - [21/Jan/2023:21:14:29 -0300] "POST /urls HTTP/1.1" 401 0
::1 - - [21/Jan/2023:21:14:29 -0300] "POST /users HTTP/1.1" 401 0
::1 - - [21/Jan/2023:21:14:29 -0300] "POST /users HTTP/1.1" 401 0
::1 - - [21/Jan/2023:21:14:29 -0300] "POST /info-users HTTP/1.1" 401 0
::1 - - [21/Jan/2023:21:14:29 -0300] "POST /info-users HTTP/1.1" 401 0
::1 - - [21/Jan/2023:21:14:29 -0300] "POST /endpoints HTTP/1.1" 401 0
::1 - - [21/Jan/2023:21:14:29 -0300] "POST /query-values HTTP/1.1" 401 0
::1 - - [21/Jan/2023:21:14:29 -0300] "POST /query-values HTTP/1.1" 401 0
::1 - - [21/Jan/2023:21:14:29 -0300] "POST /query-values HTTP/1.1" 401 0
::1 - - [21/Jan/2023:21:14:29 -0300] "POST /query-values HTTP/1.1" 401 0
::1 - - [21/Jan/2023:21:14:29 -0300] "POST /query-values HTTP/1.1" 401 0
::1 - - [21/Jan/2023:21:14:29 -0300] "POST /query-values HTTP/1.1" 401 0
::1 - - [21/Jan/2023:21:14:29 -0300] "POST /query-keys HTTP/1.1" 401 0
::1 - - [21/Jan/2023:21:14:29 -0300] "POST /query-keys HTTP/1.1" 401 0
::1 - - [21/Jan/2023:21:14:29 -0300] "POST /query-keys HTTP/1.1" 401 0
127.0.0.1 - - [22/Jan/2023:13:47:14 -0300] "GET / HTTP/1.1" 404 19
127.0.0.1 - - [22/Jan/2023:13:47:51 -0300] "POST /protocols HTTP/1.1" 401 0
127.0.0.1 - - [22/Jan/2023:13:48:40 -0300] "POST /protocols HTTP/1.1" 401 0
127.0.0.1 - - [22/Jan/2023:13:49:06 -0300] "POST /protocols HTTP/1.1" 401 0
127.0.0.1 - - [22/Jan/2023:13:50:58 -0300] "POST /protocols HTTP/1.1" 401 0
127.0.0.1 - - [22/Jan/2023:13:55:48 -0300] "POST /auths HTTP/1.1" 401 0
127.0.0.1 - - [22/Jan/2023:13:55:59 -0300] "POST /auths HTTP/1.1" 401 0
127.0.0.1 - - [22/Jan/2023:14:13:29 -0300] "POST /auths HTTP/1.1" 500 47
127.0.0.1 - - [22/Jan/2023:14:18:08 -0300] "POST / HTTP/1.1" 404 19
127.0.0.1 - - [22/Jan/2023:14:18:24 -0300] "POST / HTTP/1.1" 404 19
127.0.0.1 - - [22/Jan/2023:14:18:46 -0300] "POST /auths HTTP/1.1" 500 47
127.0.0.1 - - [22/Jan/2023:14:19:40 -0300] "POST /protocols HTTP/1.1" 401 0
127.0.0.1 - - [22/Jan/2023:14:30:31 -0300] "POST /protocols HTTP/1.1" 200 0
::1 - - [22/Jan/2023:14:42:51 -0300] "POST /protocols HTTP/1.1" 200 0
::1 - - [22/Jan/2023:14:42:54 -0300] "POST /protocols HTTP/1.1" 200 0
::1 - - [22/Jan/2023:14:42:54 -0300] "POST /urls HTTP/1.1" 200 0
::1 - - [22/Jan/2023:14:42:57 -0300] "POST /users HTTP/1.1" 500 40
::1 - - [22/Jan/2023:14:42:58 -0300] "POST /users HTTP/1.1" 500 40
::1 - - [22/Jan/2023:14:43:00 -0300] "POST /info-users HTTP/1.1" 500 42
::1 - - [22/Jan/2023:14:43:02 -0300] "POST /info-users HTTP/1.1" 500 42
::1 - - [22/Jan/2023:14:43:03 -0300] "POST /endpoints HTTP/1.1" 500 40
::1 - - [22/Jan/2023:14:43:04 -0300] "POST /query-values HTTP/1.1" 200 0
::1 - - [22/Jan/2023:14:43:05 -0300] "POST /query-values HTTP/1.1" 200 0
::1 - - [22/Jan/2023:14:43:05 -0300] "POST /query-values HTTP/1.1" 200 0
::1 - - [22/Jan/2023:14:43:05 -0300] "POST /query-values HTTP/1.1" 200 0
::1 - - [22/Jan/2023:14:43:05 -0300] "POST /query-values HTTP/1.1" 200 0
::1 - - [22/Jan/2023:14:43:06 -0300] "POST /query-values HTTP/1.1" 200 0
::1 - - [22/Jan/2023:14:43:06 -0300] "POST /query-keys HTTP/1.1" 200 0
::1 - - [22/Jan/2023:14:43:07 -0300] "POST /query-keys HTTP/1.1" 200 0
::1 - - [22/Jan/2023:14:43:08 -0300] "POST /query-keys HTTP/1.1" 200 0
::1 - - [22/Jan/2023:14:46:39 -0300] "POST /protocols HTTP/1.1" 200 0
::1 - - [22/Jan/2023:14:46:39 -0300] "POST /protocols HTTP/1.1" 200 0
::1 - - [22/Jan/2023:14:46:39 -0300] "POST /urls HTTP/1.1" 200 0
::1 - - [22/Jan/2023:14:46:40 -0300] "POST /users HTTP/1.1" 500 40
::1 - - [22/Jan/2023:14:46:41 -0300] "POST /users HTTP/1.1" 500 40
::1 - - [22/Jan/2023:14:46:41 -0300] "POST /info-users HTTP/1.1" 500 42
::1 - - [22/Jan/2023:14:46:41 -0300] "POST /info-users HTTP/1.1" 500 42
::1 - - [22/Jan/2023:14:46:41 -0300] "POST /endpoints HTTP/1.1" 500 40
::1 - - [22/Jan/2023:14:46:41 -0300] "POST /query-values HTTP/1.1" 200 0
::1 - - [22/Jan/2023:14:46:41 -0300] "POST /query-values HTTP/1.1" 200 0
::1 - - [22/Jan/2023:14:46:42 -0300] "POST /query-values HTTP/1.1" 200 0
::1 - - [22/Jan/2023:14:46:42 -0300] "POST /query-values HTTP/1.1" 200 0
::1 - - [22/Jan/2023:14:46:42 -0300] "POST /query-values HTTP/1.1" 200 0
::1 - - [22/Jan/2023:14:46:42 -0300] "POST /query-values HTTP/1.1" 200 0
::1 - - [22/Jan/2023:14:46:42 -0300] "POST /query-keys HTTP/1.1" 200 0
::1 - - [22/Jan/2023:14:46:43 -0300] "POST /query-keys HTTP/1.1" 200 0
::1 - - [22/Jan/2023:14:46:43 -0300] "POST /query-keys HTTP/1.1" 200 0
::1 - - [22/Jan/2023:14:55:42 -0300] "POST /protocols HTTP/1.1" 200 0
::1 - - [22/Jan/2023:14:55:44 -0300] "POST /protocols HTTP/1.1" 200 0
::1 - - [22/Jan/2023:14:55:44 -0300] "POST /urls HTTP/1.1" 200 0
::1 - - [22/Jan/2023:14:55:44 -0300] "POST /users HTTP/1.1" 500 40
::1 - - [22/Jan/2023:14:55:45 -0300] "POST /users HTTP/1.1" 500 40
::1 - - [22/Jan/2023:14:55:45 -0300] "POST /info-users HTTP/1.1" 500 42
::1 - - [22/Jan/2023:14:55:45 -0300] "POST /info-users HTTP/1.1" 500 42
::1 - - [22/Jan/2023:15:07:07 -0300] "POST /protocols HTTP/1.1" 200 0
::1 - - [22/Jan/2023:15:07:09 -0300] "POST /protocols HTTP/1.1" 200 0
::1 - - [22/Jan/2023:15:07:10 -0300] "POST /urls HTTP/1.1" 200 0
::1 - - [22/Jan/2023:15:07:10 -0300] "POST /users HTTP/1.1" 500 40
::1 - - [22/Jan/2023:15:07:10 -0300] "POST /users HTTP/1.1" 500 40
::1 - - [22/Jan/2023:15:07:10 -0300] "POST /info-users HTTP/1.1" 500 42
::1 - - [22/Jan/2023:15:07:11 -0300] "POST /info-users HTTP/1.1" 500 42
::1 - - [22/Jan/2023:15:28:13 -0300] "POST /protocols HTTP/1.1" 200 0
::1 - - [22/Jan/2023:15:28:14 -0300] "POST /protocols HTTP/1.1" 200 0
::1 - - [22/Jan/2023:15:28:14 -0300] "POST /urls HTTP/1.1" 200 0
::1 - - [22/Jan/2023:15:28:14 -0300] "POST /users HTTP/1.1" 500 40
::1 - - [22/Jan/2023:15:28:14 -0300] "POST /users HTTP/1.1" 500 40
::1 - - [22/Jan/2023:15:28:15 -0300] "POST /info-users HTTP/1.1" 500 42
::1 - - [22/Jan/2023:15:28:15 -0300] "POST /info-users HTTP/1.1" 500 42
::1 - - [22/Jan/2023:15:28:15 -0300] "POST /endpoints HTTP/1.1" 500 40
::1 - - [22/Jan/2023:15:28:16 -0300] "POST /query-values HTTP/1.1" 200 0
::1 - - [22/Jan/2023:15:28:16 -0300] "POST /query-values HTTP/1.1" 200 0
::1 - - [22/Jan/2023:15:28:16 -0300] "POST /query-values HTTP/1.1" 200 0
::1 - - [22/Jan/2023:15:28:16 -0300] "POST /query-values HTTP/1.1" 200 0
::1 - - [22/Jan/2023:15:28:16 -0300] "POST /query-values HTTP/1.1" 200 0
::1 - - [22/Jan/2023:15:28:16 -0300] "POST /query-values HTTP/1.1" 200 0
::1 - - [22/Jan/2023:15:28:16 -0300] "POST /query-keys HTTP/1.1" 200 0
::1 - - [22/Jan/2023:15:28:16 -0300] "POST /query-keys HTTP/1.1" 200 0
::1 - - [22/Jan/2023:15:28:16 -0300] "POST /query-keys HTTP/1.1" 200 0
127.0.0.1 - - [22/Jan/2023:15:30:37 -0300] "POST /auths HTTP/1.1" 500 47
127.0.0.1 - - [22/Jan/2023:15:30:51 -0300] "POST /auths HTTP/1.1" 500 47
127.0.0.1 - - [22/Jan/2023:15:49:13 -0300] "POST /protocols HTTP/1.1" 400 77
127.0.0.1 - - [22/Jan/2023:15:58:42 -0300] "POST /protocols HTTP/1.1" 400 77
::1 - - [22/Jan/2023:15:59:31 -0300] "POST /protocols HTTP/1.1" 200 0
::1 - - [22/Jan/2023:15:59:31 -0300] "POST /protocols HTTP/1.1" 200 0
::1 - - [22/Jan/2023:15:59:31 -0300] "POST /urls HTTP/1.1" 200 0
::1 - - [22/Jan/2023:15:59:32 -0300] "POST /users HTTP/1.1" 500 40
::1 - - [22/Jan/2023:15:59:34 -0300] "POST /users HTTP/1.1" 500 40
::1 - - [22/Jan/2023:15:59:34 -0300] "POST /info-users HTTP/1.1" 500 42
::1 - - [22/Jan/2023:15:59:34 -0300] "POST /info-users HTTP/1.1" 500 42
::1 - - [22/Jan/2023:15:59:35 -0300] "POST /endpoints HTTP/1.1" 500 40
::1 - - [22/Jan/2023:15:59:35 -0300] "POST /query-values HTTP/1.1" 200 0
::1 - - [22/Jan/2023:15:59:35 -0300] "POST /query-values HTTP/1.1" 200 0
::1 - - [22/Jan/2023:15:59:36 -0300] "POST /query-values HTTP/1.1" 200 0
::1 - - [22/Jan/2023:15:59:36 -0300] "POST /query-values HTTP/1.1" 200 0
::1 - - [22/Jan/2023:15:59:36 -0300] "POST /query-values HTTP/1.1" 200 0
::1 - - [22/Jan/2023:15:59:36 -0300] "POST /query-values HTTP/1.1" 200 0
::1 - - [22/Jan/2023:15:59:38 -0300] "POST /query-keys HTTP/1.1" 200 0
::1 - - [22/Jan/2023:15:59:40 -0300] "POST /query-keys HTTP/1.1" 200 0
::1 - - [22/Jan/2023:15:59:41 -0300] "POST /query-keys HTTP/1.1" 200 0
127.0.0.1 - - [22/Jan/2023:16:06:12 -0300] "POST /protocols HTTP/1.1" 400 77
127.0.0.1 - - [22/Jan/2023:16:08:34 -0300] "POST /protocols HTTP/1.1" 400 77
127.0.0.1 - - [22/Jan/2023:16:09:51 -0300] "POST /protocols HTTP/1.1" 400 77
::1 - - [22/Jan/2023:17:32:33 -0300] "POST /protocols HTTP/1.1" 200 0
::1 - - [22/Jan/2023:17:32:36 -0300] "POST /protocols HTTP/1.1" 200 0
::1 - - [22/Jan/2023:17:32:37 -0300] "POST /urls HTTP/1.1" 200 0
::1 - - [22/Jan/2023:17:32:38 -0300] "POST /users HTTP/1.1" 500 40
::1 - - [22/Jan/2023:17:32:38 -0300] "POST /users HTTP/1.1" 500 40
::1 - - [22/Jan/2023:17:32:38 -0300] "POST /info-users HTTP/1.1" 500 42
::1 - - [22/Jan/2023:17:32:39 -0300] "POST /info-users HTTP/1.1" 500 42
::1 - - [22/Jan/2023:17:32:39 -0300] "POST /endpoints HTTP/1.1" 500 40
::1 - - [22/Jan/2023:17:32:39 -0300] "POST /query-values HTTP/1.1" 200 0
::1 - - [22/Jan/2023:17:32:40 -0300] "POST /query-values HTTP/1.1" 200 0
::1 - - [22/Jan/2023:17:32:40 -0300] "POST /query-values HTTP/1.1" 200 0
::1 - - [22/Jan/2023:17:32:40 -0300] "POST /query-values HTTP/1.1" 200 0
::1 - - [22/Jan/2023:17:32:41 -0300] "POST /query-values HTTP/1.1" 200 0
::1 - - [22/Jan/2023:17:32:42 -0300] "POST /query-values HTTP/1.1" 200 0
::1 - - [22/Jan/2023:17:32:42 -0300] "POST /query-keys HTTP/1.1" 200 0
::1 - - [22/Jan/2023:17:32:42 -0300] "POST /query-keys HTTP/1.1" 200 0
::1 - - [22/Jan/2023:17:32:42 -0300] "POST /query-keys HTTP/1.1" 200 0
127.0.0.1 - - [22/Jan/2023:18:05:35 -0300] "POST /protocols HTTP/1.1" 200 0
127.0.0.1 - - [22/Jan/2023:18:05:42 -0300] "POST /protocols HTTP/1.1" 200 0
127.0.0.1 - - [22/Jan/2023:18:05:43 -0300] "POST /urls HTTP/1.1" 200 0
127.0.0.1 - - [22/Jan/2023:18:05:43 -0300] "POST /users HTTP/1.1" 500 40
::1 - - [22/Jan/2023:18:05:45 -0300] "POST /users HTTP/1.1" 500 40
::1 - - [22/Jan/2023:18:05:45 -0300] "POST /info-users HTTP/1.1" 500 42
::1 - - [22/Jan/2023:18:05:46 -0300] "POST /info-users HTTP/1.1" 500 42
::1 - - [22/Jan/2023:18:05:46 -0300] "POST /endpoints HTTP/1.1" 500 40
::1 - - [22/Jan/2023:18:05:46 -0300] "POST /query-values HTTP/1.1" 200 0
::1 - - [22/Jan/2023:18:05:47 -0300] "POST /query-values HTTP/1.1" 200 0
::1 - - [22/Jan/2023:18:05:47 -0300] "POST /query-values HTTP/1.1" 200 0
::1 - - [22/Jan/2023:18:05:48 -0300] "POST /query-values HTTP/1.1" 200 0
::1 - - [22/Jan/2023:18:05:49 -0300] "POST /query-values HTTP/1.1" 200 0
::1 - - [22/Jan/2023:18:05:50 -0300] "POST /query-values HTTP/1.1" 200 0
::1 - - [22/Jan/2023:18:05:50 -0300] "POST /query-keys HTTP/1.1" 200 0
::1 - - [22/Jan/2023:18:05:50 -0300] "POST /query-keys HTTP/1.1" 200 0
::1 - - [22/Jan/2023:18:05:51 -0300] "POST /query-keys HTTP/1.1" 200 0
::1 - - [22/Jan/2023:18:22:38 -0300] "POST /protocols HTTP/1.1" 200 0
::1 - - [22/Jan/2023:18:22:39 -0300] "POST /protocols HTTP/1.1" 200 0
::1 - - [22/Jan/2023:18:22:40 -0300] "POST /urls HTTP/1.1" 200 0
::1 - - [22/Jan/2023:18:22:40 -0300] "POST /users HTTP/1.1" 500 40
::1 - - [22/Jan/2023:18:22:40 -0300] "POST /users HTTP/1.1" 500 40
::1 - - [22/Jan/2023:18:22:40 -0300] "POST /info-users HTTP/1.1" 500 42
::1 - - [22/Jan/2023:18:22:40 -0300] "POST /info-users HTTP/1.1" 500 42
::1 - - [22/Jan/2023:18:22:41 -0300] "POST /endpoints HTTP/1.1" 500 40
::1 - - [22/Jan/2023:18:22:41 -0300] "POST /query-values HTTP/1.1" 200 0
::1 - - [22/Jan/2023:18:22:41 -0300] "POST /query-values HTTP/1.1" 200 0
::1 - - [22/Jan/2023:18:22:41 -0300] "POST /query-values HTTP/1.1" 200 0
::1 - - [22/Jan/2023:18:22:41 -0300] "POST /query-values HTTP/1.1" 200 0
::1 - - [22/Jan/2023:18:22:41 -0300] "POST /query-values HTTP/1.1" 200 0
::1 - - [22/Jan/2023:18:22:41 -0300] "POST /query-values HTTP/1.1" 200 0
::1 - - [22/Jan/2023:18:22:42 -0300] "POST /query-keys HTTP/1.1" 200 0
::1 - - [22/Jan/2023:18:22:43 -0300] "POST /query-keys HTTP/1.1" 200 0
::1 - - [22/Jan/2023:18:22:43 -0300] "POST /query-keys HTTP/1.1" 200 0
127.0.0.1 - - [22/Jan/2023:19:50:06 -0300] "POST /protocols HTTP/1.1" 400 53
::1 - - [22/Jan/2023:20:47:07 -0300] "POST /protocols HTTP/1.1" 200 0
::1 - - [22/Jan/2023:20:47:11 -0300] "POST /protocols HTTP/1.1" 200 0
::1 - - [22/Jan/2023:20:47:11 -0300] "POST /urls HTTP/1.1" 200 0
::1 - - [22/Jan/2023:20:47:12 -0300] "POST /users HTTP/1.1" 200 0
::1 - - [22/Jan/2023:20:47:12 -0300] "POST /users HTTP/1.1" 200 0
::1 - - [22/Jan/2023:20:47:13 -0300] "POST /info-users HTTP/1.1" 500 180
::1 - - [22/Jan/2023:20:47:14 -0300] "POST /info-users HTTP/1.1" 500 180
::1 - - [22/Jan/2023:20:47:14 -0300] "POST /endpoints HTTP/1.1" 500 40
::1 - - [22/Jan/2023:20:47:15 -0300] "POST /query-values HTTP/1.1" 200 0
::1 - - [22/Jan/2023:20:47:15 -0300] "POST /query-values HTTP/1.1" 200 0
::1 - - [22/Jan/2023:20:47:15 -0300] "POST /query-values HTTP/1.1" 200 0
::1 - - [22/Jan/2023:20:47:16 -0300] "POST /query-values HTTP/1.1" 200 0
::1 - - [22/Jan/2023:20:47:16 -0300] "POST /query-values HTTP/1.1" 200 0
::1 - - [22/Jan/2023:20:47:16 -0300] "POST /query-values HTTP/1.1" 200 0
::1 - - [22/Jan/2023:20:47:16 -0300] "POST /query-keys HTTP/1.1" 200 0
::1 - - [22/Jan/2023:20:47:16 -0300] "POST /query-keys HTTP/1.1" 200 0
::1 - - [22/Jan/2023:20:47:16 -0300] "POST /query-keys HTTP/1.1" 200 0
::1 - - [22/Jan/2023:21:08:31 -0300] "POST /protocols HTTP/1.1" 200 0
::1 - - [22/Jan/2023:21:08:34 -0300] "POST /protocols HTTP/1.1" 200 0
::1 - - [22/Jan/2023:21:08:34 -0300] "POST /urls HTTP/1.1" 200 0
::1 - - [22/Jan/2023:21:08:35 -0300] "POST /users HTTP/1.1" 500 154
::1 - - [22/Jan/2023:21:08:35 -0300] "POST /users HTTP/1.1" 500 156
::1 - - [22/Jan/2023:21:08:36 -0300] "POST /info-users HTTP/1.1" 500 180
::1 - - [22/Jan/2023:21:08:36 -0300] "POST /info-users HTTP/1.1" 500 180
::1 - - [22/Jan/2023:21:08:36 -0300] "POST /endpoints HTTP/1.1" 500 40
::1 - - [22/Jan/2023:21:08:36 -0300] "POST /query-values HTTP/1.1" 500 38
::1 - - [22/Jan/2023:21:08:37 -0300] "POST /query-values HTTP/1.1" 500 38
::1 - - [22/Jan/2023:21:08:37 -0300] "POST /query-values HTTP/1.1" 500 38
::1 - - [22/Jan/2023:21:08:37 -0300] "POST /query-values HTTP/1.1" 500 38
::1 - - [22/Jan/2023:21:08:37 -0300] "POST /query-values HTTP/1.1" 500 38
::1 - - [22/Jan/2023:21:08:37 -0300] "POST /query-values HTTP/1.1" 500 38
::1 - - [22/Jan/2023:21:08:38 -0300] "POST /query-keys HTTP/1.1" 200 0
::1 - - [22/Jan/2023:21:08:38 -0300] "POST /query-keys HTTP/1.1" 200 0
::1 - - [22/Jan/2023:21:08:39 -0300] "POST /query-keys HTTP/1.1" 200 0
::1 - - [23/Jan/2023:10:59:47 -0300] "POST /protocols HTTP/1.1" 500 40
::1 - - [23/Jan/2023:10:59:49 -0300] "POST /protocols HTTP/1.1" 500 40
::1 - - [23/Jan/2023:10:59:49 -0300] "POST /urls HTTP/1.1" 500 35
::1 - - [23/Jan/2023:10:59:50 -0300] "POST /users HTTP/1.1" 500 36
::1 - - [23/Jan/2023:10:59:50 -0300] "POST /users HTTP/1.1" 500 36
::1 - - [23/Jan/2023:10:59:50 -0300] "POST /info-users HTTP/1.1" 500 41
::1 - - [23/Jan/2023:10:59:50 -0300] "POST /info-users HTTP/1.1" 500 41
::1 - - [23/Jan/2023:10:59:50 -0300] "POST /endpoints HTTP/1.1" 500 40
::1 - - [23/Jan/2023:10:59:50 -0300] "POST /query-values HTTP/1.1" 500 43
::1 - - [23/Jan/2023:10:59:50 -0300] "POST /query-values HTTP/1.1" 500 43
::1 - - [23/Jan/2023:10:59:51 -0300] "POST /query-values HTTP/1.1" 500 43
::1 - - [23/Jan/2023:10:59:51 -0300] "POST /query-values HTTP/1.1" 500 43
::1 - - [23/Jan/2023:10:59:51 -0300] "POST /query-values HTTP/1.1" 500 43
::1 - - [23/Jan/2023:10:59:51 -0300] "POST /query-values HTTP/1.1" 500 43
::1 - - [23/Jan/2023:10:59:52 -0300] "POST /query-keys HTTP/1.1" 500 41
::1 - - [23/Jan/2023:10:59:52 -0300] "POST /query-keys HTTP/1.1" 500 41
::1 - - [23/Jan/2023:10:59:52 -0300] "POST /query-keys HTTP/1.1" 500 41
127.0.0.1 - - [23/Jan/2023:11:05:32 -0300] "POST /protocols HTTP/1.1" 500 44
127.0.0.1 - - [23/Jan/2023:11:13:41 -0300] "POST /protocols HTTP/1.1" 500 51
127.0.0.1 - - [23/Jan/2023:11:24:05 -0300] "POST /protocols HTTP/1.1" 400 11
::1 - - [23/Jan/2023:11:25:32 -0300] "POST /protocols HTTP/1.1" 200 0
::1 - - [23/Jan/2023:11:25:33 -0300] "POST /protocols HTTP/1.1" 200 0
::1 - - [23/Jan/2023:11:25:33 -0300] "POST /urls HTTP/1.1" 200 0
::1 - - [23/Jan/2023:11:25:34 -0300] "POST /users HTTP/1.1" 200 0
::1 - - [23/Jan/2023:11:25:34 -0300] "POST /users HTTP/1.1" 200 0
::1 - - [23/Jan/2023:11:25:34 -0300] "POST /info-users HTTP/1.1" 200 0
::1 - - [23/Jan/2023:11:25:34 -0300] "POST /info-users HTTP/1.1" 200 0
::1 - - [23/Jan/2023:11:25:35 -0300] "POST /endpoints HTTP/1.1" 200 0
::1 - - [23/Jan/2023:11:25:36 -0300] "POST /query-values HTTP/1.1" 200 0
::1 - - [23/Jan/2023:11:25:36 -0300] "POST /query-values HTTP/1.1" 200 0
::1 - - [23/Jan/2023:11:25:37 -0300] "POST /query-values HTTP/1.1" 200 0
::1 - - [23/Jan/2023:11:25:38 -0300] "POST /query-values HTTP/1.1" 200 0
::1 - - [23/Jan/2023:11:25:38 -0300] "POST /query-values HTTP/1.1" 200 0
::1 - - [23/Jan/2023:11:25:38 -0300] "POST /query-values HTTP/1.1" 200 0
::1 - - [23/Jan/2023:11:25:39 -0300] "POST /query-keys HTTP/1.1" 200 0
::1 - - [23/Jan/2023:11:25:39 -0300] "POST /query-keys HTTP/1.1" 200 0
::1 - - [23/Jan/2023:11:25:39 -0300] "POST /query-keys HTTP/1.1" 200 0
::1 - - [23/Jan/2023:11:30:24 -0300] "POST /protocols HTTP/1.1" 200 0
::1 - - [23/Jan/2023:11:30:24 -0300] "POST /protocols HTTP/1.1" 200 0
::1 - - [23/Jan/2023:11:30:24 -0300] "POST /urls HTTP/1.1" 200 0
::1 - - [23/Jan/2023:11:30:24 -0300] "POST /users HTTP/1.1" 200 0
::1 - - [23/Jan/2023:11:30:25 -0300] "POST /users HTTP/1.1" 200 0
::1 - - [23/Jan/2023:11:30:25 -0300] "POST /info-users HTTP/1.1" 200 0
::1 - - [23/Jan/2023:11:30:25 -0300] "POST /info-users HTTP/1.1" 200 0
::1 - - [23/Jan/2023:11:30:25 -0300] "POST /endpoints HTTP/1.1" 200 0
::1 - - [23/Jan/2023:11:30:26 -0300] "POST /query-values HTTP/1.1" 200 0
::1 - - [23/Jan/2023:11:30:26 -0300] "POST /query-values HTTP/1.1" 200 0
::1 - - [23/Jan/2023:11:30:27 -0300] "POST /query-values HTTP/1.1" 200 0
::1 - - [23/Jan/2023:11:30:27 -0300] "POST /query-values HTTP/1.1" 200 0
::1 - - [23/Jan/2023:11:30:27 -0300] "POST /query-values HTTP/1.1" 200 0
::1 - - [23/Jan/2023:11:30:28 -0300] "POST /query-values HTTP/1.1" 200 0
::1 - - [23/Jan/2023:11:30:28 -0300] "POST /query-keys HTTP/1.1" 200 0
::1 - - [23/Jan/2023:11:30:29 -0300] "POST /query-keys HTTP/1.1" 200 0
::1 - - [23/Jan/2023:11:30:29 -0300] "POST /query-keys HTTP/1.1" 200 0
::1 - - [23/Jan/2023:11:43:07 -0300] "POST /protocols HTTP/1.1" 200 0
::1 - - [23/Jan/2023:11:43:08 -0300] "POST /protocols HTTP/1.1" 200 0
::1 - - [23/Jan/2023:11:43:08 -0300] "POST /urls HTTP/1.1" 200 0
::1 - - [23/Jan/2023:11:43:08 -0300] "POST /users HTTP/1.1" 200 0
::1 - - [23/Jan/2023:11:43:08 -0300] "POST /users HTTP/1.1" 200 0
::1 - - [23/Jan/2023:11:43:10 -0300] "POST /info-users HTTP/1.1" 200 0
::1 - - [23/Jan/2023:11:43:10 -0300] "POST /info-users HTTP/1.1" 200 0
::1 - - [23/Jan/2023:11:43:11 -0300] "POST /endpoints HTTP/1.1" 200 0
::1 - - [23/Jan/2023:11:43:11 -0300] "POST /query-values HTTP/1.1" 200 0
::1 - - [23/Jan/2023:11:43:11 -0300] "POST /query-values HTTP/1.1" 200 0
::1 - - [23/Jan/2023:11:43:11 -0300] "POST /query-values HTTP/1.1" 200 0
::1 - - [23/Jan/2023:11:43:12 -0300] "POST /query-values HTTP/1.1" 200 0
::1 - - [23/Jan/2023:11:43:12 -0300] "POST /query-values HTTP/1.1" 200 0
::1 - - [23/Jan/2023:11:43:13 -0300] "POST /query-values HTTP/1.1" 200 0
::1 - - [23/Jan/2023:11:43:13 -0300] "POST /query-keys HTTP/1.1" 200 0
::1 - - [23/Jan/2023:11:43:13 -0300] "POST /query-keys HTTP/1.1" 200 0
::1 - - [23/Jan/2023:11:43:13 -0300] "POST /query-keys HTTP/1.1" 200 0
::1 - - [23/Jan/2023:11:52:14 -0300] "POST /protocols HTTP/1.1" 200 0
::1 - - [23/Jan/2023:11:52:15 -0300] "POST /protocols HTTP/1.1" 200 0
::1 - - [23/Jan/2023:11:52:15 -0300] "POST /urls HTTP/1.1" 200 0
::1 - - [23/Jan/2023:11:52:15 -0300] "POST /users HTTP/1.1" 200 0
::1 - - [23/Jan/2023:11:52:16 -0300] "POST /users HTTP/1.1" 200 0
::1 - - [23/Jan/2023:11:52:16 -0300] "POST /info-users HTTP/1.1" 200 0
::1 - - [23/Jan/2023:11:52:16 -0300] "POST /info-users HTTP/1.1" 200 0
::1 - - [23/Jan/2023:11:52:16 -0300] "POST /endpoints HTTP/1.1" 200 0
::1 - - [23/Jan/2023:11:52:18 -0300] "POST /query-values HTTP/1.1" 200 0
::1 - - [23/Jan/2023:11:52:19 -0300] "POST /query-values HTTP/1.1" 200 0
::1 - - [23/Jan/2023:11:52:19 -0300] "POST /query-values HTTP/1.1" 200 0
::1 - - [23/Jan/2023:11:52:20 -0300] "POST /query-values HTTP/1.1" 200 0
::1 - - [23/Jan/2023:11:52:20 -0300] "POST /query-values HTTP/1.1" 200 0
::1 - - [23/Jan/2023:11:52:21 -0300] "POST /query-values HTTP/1.1" 200 0
::1 - - [23/Jan/2023:11:52:21 -0300] "POST /query-keys HTTP/1.1" 200 0
::1 - - [23/Jan/2023:11:52:21 -0300] "POST /query-keys HTTP/1.1" 200 0
::1 - - [23/Jan/2023:11:52:21 -0300] "POST /query-keys HTTP/1.1" 200 0
::1 - - [23/Jan/2023:11:55:52 -0300] "POST /protocols HTTP/1.1" 200 0
::1 - - [23/Jan/2023:11:55:53 -0300] "POST /protocols HTTP/1.1" 200 0
::1 - - [23/Jan/2023:11:55:54 -0300] "POST /urls HTTP/1.1" 200 0
::1 - - [23/Jan/2023:11:55:54 -0300] "POST /users HTTP/1.1" 200 0
::1 - - [23/Jan/2023:11:55:55 -0300] "POST /users HTTP/1.1" 200 0
::1 - - [23/Jan/2023:11:55:55 -0300] "POST /info-users HTTP/1.1" 200 0
::1 - - [23/Jan/2023:11:55:56 -0300] "POST /info-users HTTP/1.1" 200 0
::1 - - [23/Jan/2023:11:55:56 -0300] "POST /endpoints HTTP/1.1" 200 0
::1 - - [23/Jan/2023:11:55:57 -0300] "POST /query-values HTTP/1.1" 200 0
::1 - - [23/Jan/2023:11:55:58 -0300] "POST /query-values HTTP/1.1" 200 0
::1 - - [23/Jan/2023:11:55:58 -0300] "POST /query-values HTTP/1.1" 200 0
::1 - - [23/Jan/2023:11:55:59 -0300] "POST /query-values HTTP/1.1" 200 0
::1 - - [23/Jan/2023:11:55:59 -0300] "POST /query-values HTTP/1.1" 200 0
::1 - - [23/Jan/2023:11:55:59 -0300] "POST /query-values HTTP/1.1" 200 0
::1 - - [23/Jan/2023:11:56:00 -0300] "POST /query-keys HTTP/1.1" 200 0
::1 - - [23/Jan/2023:11:56:01 -0300] "POST /query-keys HTTP/1.1" 200 0
::1 - - [23/Jan/2023:11:56:01 -0300] "POST /query-keys HTTP/1.1" 200 0
::1 - - [23/Jan/2023:12:16:10 -0300] "POST /protocols HTTP/1.1" 200 0
::1 - - [23/Jan/2023:12:16:13 -0300] "POST /protocols HTTP/1.1" 200 0
::1 - - [23/Jan/2023:12:16:13 -0300] "POST /urls HTTP/1.1" 200 0
::1 - - [23/Jan/2023:12:16:13 -0300] "POST /users HTTP/1.1" 200 0
::1 - - [23/Jan/2023:12:16:13 -0300] "POST /users HTTP/1.1" 200 0
::1 - - [23/Jan/2023:12:16:13 -0300] "POST /info-users HTTP/1.1" 200 0
::1 - - [23/Jan/2023:12:16:14 -0300] "POST /info-users HTTP/1.1" 200 0
::1 - - [23/Jan/2023:12:16:15 -0300] "POST /endpoints HTTP/1.1" 200 0
::1 - - [23/Jan/2023:12:16:16 -0300] "POST /query-values HTTP/1.1" 200 0
::1 - - [23/Jan/2023:12:16:17 -0300] "POST /query-values HTTP/1.1" 200 0
::1 - - [23/Jan/2023:12:16:17 -0300] "POST /query-values HTTP/1.1" 200 0
::1 - - [23/Jan/2023:12:16:18 -0300] "POST /query-values HTTP/1.1" 200 0
::1 - - [23/Jan/2023:12:16:18 -0300] "POST /query-values HTTP/1.1" 200 0
::1 - - [23/Jan/2023:12:16:19 -0300] "POST /query-values HTTP/1.1" 200 0
::1 - - [23/Jan/2023:12:16:19 -0300] "POST /query-keys HTTP/1.1" 200 0
::1 - - [23/Jan/2023:12:16:19 -0300] "POST /query-keys HTTP/1.1" 200 0
::1 - - [23/Jan/2023:12:16:19 -0300] "POST /query-keys HTTP/1.1" 200 0
::1 - - [23/Jan/2023:12:32:13 -0300] "POST /protocols HTTP/1.1" 200 0
::1 - - [23/Jan/2023:12:32:15 -0300] "POST /protocols HTTP/1.1" 200 0
::1 - - [23/Jan/2023:12:32:15 -0300] "POST /urls HTTP/1.1" 200 0
::1 - - [23/Jan/2023:12:32:17 -0300] "POST /users HTTP/1.1" 200 0
::1 - - [23/Jan/2023:12:32:18 -0300] "POST /users HTTP/1.1" 200 0
::1 - - [23/Jan/2023:12:32:18 -0300] "POST /info-users HTTP/1.1" 200 0
::1 - - [23/Jan/2023:12:32:19 -0300] "POST /info-users HTTP/1.1" 200 0
::1 - - [23/Jan/2023:12:32:19 -0300] "POST /endpoints HTTP/1.1" 200 0
::1 - - [23/Jan/2023:12:32:19 -0300] "POST /query-values HTTP/1.1" 200 0
::1 - - [23/Jan/2023:12:32:20 -0300] "POST /query-values HTTP/1.1" 200 0
::1 - - [23/Jan/2023:12:32:20 -0300] "POST /query-values HTTP/1.1" 200 0
::1 - - [23/Jan/2023:12:32:21 -0300] "POST /query-values HTTP/1.1" 200 0
::1 - - [23/Jan/2023:12:32:21 -0300] "POST /query-values HTTP/1.1" 200 0
::1 - - [23/Jan/2023:12:32:22 -0300] "POST /query-values HTTP/1.1" 200 0
::1 - - [23/Jan/2023:12:32:22 -0300] "POST /query-keys HTTP/1.1" 200 0
::1 - - [23/Jan/2023:12:32:22 -0300] "POST /query-keys HTTP/1.1" 200 0
::1 - - [23/Jan/2023:12:32:23 -0300] "POST /query-keys HTTP/1.1" 200 0
::1 - - [23/Jan/2023:13:44:27 -0300] "POST /protocols HTTP/1.1" 200 0
::1 - - [23/Jan/2023:13:44:29 -0300] "POST /protocols HTTP/1.1" 200 0
::1 - - [23/Jan/2023:13:44:30 -0300] "POST /urls HTTP/1.1" 200 0
::1 - - [23/Jan/2023:13:44:30 -0300] "POST /users HTTP/1.1" 200 0
::1 - - [23/Jan/2023:13:44:30 -0300] "POST /users HTTP/1.1" 200 0
::1 - - [23/Jan/2023:13:44:30 -0300] "POST /info-users HTTP/1.1" 200 0
::1 - - [23/Jan/2023:13:44:30 -0300] "POST /info-users HTTP/1.1" 200 0
::1 - - [23/Jan/2023:13:44:30 -0300] "POST /endpoints HTTP/1.1" 200 0
::1 - - [23/Jan/2023:13:44:31 -0300] "POST /query-values HTTP/1.1" 200 0
::1 - - [23/Jan/2023:13:44:31 -0300] "POST /query-values HTTP/1.1" 200 0
::1 - - [23/Jan/2023:13:44:31 -0300] "POST /query-values HTTP/1.1" 200 0
::1 - - [23/Jan/2023:13:44:32 -0300] "POST /query-values HTTP/1.1" 200 0
::1 - - [23/Jan/2023:13:44:32 -0300] "POST /query-values HTTP/1.1" 200 0
::1 - - [23/Jan/2023:13:44:32 -0300] "POST /query-values HTTP/1.1" 200 0
::1 - - [23/Jan/2023:13:44:33 -0300] "POST /query-keys HTTP/1.1" 200 0
::1 - - [23/Jan/2023:13:44:34 -0300] "POST /query-keys HTTP/1.1" 200 0
::1 - - [23/Jan/2023:13:44:34 -0300] "POST /query-keys HTTP/1.1" 200 0
::1 - - [23/Jan/2023:14:29:40 -0300] "POST /protocols HTTP/1.1" 200 0
::1 - - [23/Jan/2023:14:29:43 -0300] "POST /protocols HTTP/1.1" 200 0
::1 - - [23/Jan/2023:14:29:43 -0300] "POST /urls HTTP/1.1" 200 0
::1 - - [23/Jan/2023:14:29:44 -0300] "POST /users HTTP/1.1" 200 0
::1 - - [23/Jan/2023:14:29:44 -0300] "POST /users HTTP/1.1" 200 0
::1 - - [23/Jan/2023:14:29:45 -0300] "POST /info-users HTTP/1.1" 200 0
::1 - - [23/Jan/2023:14:29:45 -0300] "POST /info-users HTTP/1.1" 200 0
::1 - - [23/Jan/2023:14:29:46 -0300] "POST /endpoints HTTP/1.1" 200 0
::1 - - [23/Jan/2023:14:29:49 -0300] "POST /query-values HTTP/1.1" 200 74
::1 - - [23/Jan/2023:14:29:52 -0300] "POST /query-values HTTP/1.1" 200 79
::1 - - [23/Jan/2023:14:29:53 -0300] "POST /query-values HTTP/1.1" 200 75
::1 - - [23/Jan/2023:14:29:53 -0300] "POST /query-values HTTP/1.1" 200 72
::1 - - [23/Jan/2023:14:29:54 -0300] "POST /query-values HTTP/1.1" 200 121
::1 - - [23/Jan/2023:14:29:54 -0300] "POST /query-values HTTP/1.1" 200 73
::1 - - [23/Jan/2023:14:29:55 -0300] "POST /query-keys HTTP/1.1" 200 0
::1 - - [23/Jan/2023:14:29:56 -0300] "POST /query-keys HTTP/1.1" 200 0
::1 - - [23/Jan/2023:14:29:58 -0300] "POST /query-keys HTTP/1.1" 200 0
::1 - - [23/Jan/2023:14:53:08 -0300] "POST /protocols HTTP/1.1" 200 0
::1 - - [23/Jan/2023:14:53:21 -0300] "POST /protocols HTTP/1.1" 200 0
::1 - - [23/Jan/2023:14:53:22 -0300] "POST /urls HTTP/1.1" 200 0
::1 - - [23/Jan/2023:14:53:22 -0300] "POST /users HTTP/1.1" 200 0
::1 - - [23/Jan/2023:14:53:23 -0300] "POST /users HTTP/1.1" 200 0
::1 - - [23/Jan/2023:14:53:24 -0300] "POST /info-users HTTP/1.1" 200 0
::1 - - [23/Jan/2023:14:53:25 -0300] "POST /info-users HTTP/1.1" 200 0
::1 - - [23/Jan/2023:14:53:25 -0300] "POST /endpoints HTTP/1.1" 200 0
::1 - - [23/Jan/2023:14:53:27 -0300] "POST /query-values HTTP/1.1" 200 74
::1 - - [23/Jan/2023:14:53:28 -0300] "POST /query-values HTTP/1.1" 200 79
::1 - - [23/Jan/2023:14:53:28 -0300] "POST /query-values HTTP/1.1" 200 75
::1 - - [23/Jan/2023:14:53:29 -0300] "POST /query-values HTTP/1.1" 200 72
::1 - - [23/Jan/2023:14:53:30 -0300] "POST /query-values HTTP/1.1" 200 121
::1 - - [23/Jan/2023:14:53:31 -0300] "POST /query-values HTTP/1.1" 200 73
::1 - - [23/Jan/2023:14:53:32 -0300] "POST /query-keys HTTP/1.1" 200 0
::1 - - [23/Jan/2023:14:53:32 -0300] "POST /query-keys HTTP/1.1" 200 0
::1 - - [23/Jan/2023:14:53:32 -0300] "POST /query-keys HTTP/1.1" 200 0
::1 - - [23/Jan/2023:16:18:21 -0300] "POST /protocols HTTP/1.1" 200 0
::1 - - [23/Jan/2023:16:18:23 -0300] "POST /protocols HTTP/1.1" 200 0
::1 - - [23/Jan/2023:16:18:23 -0300] "POST /urls HTTP/1.1" 200 0
::1 - - [23/Jan/2023:16:18:23 -0300] "POST /users HTTP/1.1" 200 0
::1 - - [23/Jan/2023:16:18:23 -0300] "POST /users HTTP/1.1" 200 0
::1 - - [23/Jan/2023:16:18:23 -0300] "POST /info-users HTTP/1.1" 200 0
::1 - - [23/Jan/2023:16:18:23 -0300] "POST /info-users HTTP/1.1" 200 0
::1 - - [23/Jan/2023:16:18:23 -0300] "POST /endpoints HTTP/1.1" 200 0
::1 - - [23/Jan/2023:16:18:24 -0300] "POST /query-values HTTP/1.1" 200 74
::1 - - [23/Jan/2023:16:18:24 -0300] "POST /query-values HTTP/1.1" 200 79
::1 - - [23/Jan/2023:16:18:25 -0300] "POST /query-values HTTP/1.1" 200 75
::1 - - [23/Jan/2023:16:18:25 -0300] "POST /query-values HTTP/1.1" 200 72
::1 - - [23/Jan/2023:16:18:26 -0300] "POST /query-values HTTP/1.1" 200 121
::1 - - [23/Jan/2023:16:18:27 -0300] "POST /query-values HTTP/1.1" 200 73
::1 - - [23/Jan/2023:16:18:27 -0300] "POST /query-keys HTTP/1.1" 200 0
::1 - - [23/Jan/2023:16:18:27 -0300] "POST /query-keys HTTP/1.1" 200 0
::1 - - [23/Jan/2023:16:18:28 -0300] "POST /query-keys HTTP/1.1" 200 0
::1 - - [23/Jan/2023:16:36:30 -0300] "POST /protocols HTTP/1.1" 200 0
::1 - - [23/Jan/2023:16:36:30 -0300] "POST /protocols HTTP/1.1" 200 0
::1 - - [23/Jan/2023:16:36:30 -0300] "POST /urls HTTP/1.1" 200 0
::1 - - [23/Jan/2023:16:36:31 -0300] "POST /users HTTP/1.1" 200 0
::1 - - [23/Jan/2023:16:36:31 -0300] "POST /users HTTP/1.1" 200 0
::1 - - [23/Jan/2023:16:36:31 -0300] "POST /info-users HTTP/1.1" 200 0
::1 - - [23/Jan/2023:16:36:31 -0300] "POST /info-users HTTP/1.1" 200 0
::1 - - [23/Jan/2023:16:36:49 -0300] "POST /protocols HTTP/1.1" 200 0
::1 - - [23/Jan/2023:16:36:49 -0300] "POST /protocols HTTP/1.1" 200 0
::1 - - [23/Jan/2023:16:36:49 -0300] "POST /urls HTTP/1.1" 200 0
::1 - - [23/Jan/2023:16:36:49 -0300] "POST /users HTTP/1.1" 200 0
::1 - - [23/Jan/2023:16:36:49 -0300] "POST /users HTTP/1.1" 200 0
::1 - - [23/Jan/2023:16:36:49 -0300] "POST /info-users HTTP/1.1" 200 0
::1 - - [23/Jan/2023:16:36:49 -0300] "POST /info-users HTTP/1.1" 200 0
::1 - - [23/Jan/2023:16:36:51 -0300] "POST /protocols HTTP/1.1" 200 0
::1 - - [23/Jan/2023:16:36:51 -0300] "POST /protocols HTTP/1.1" 200 0
::1 - - [23/Jan/2023:16:36:51 -0300] "POST /urls HTTP/1.1" 200 0
::1 - - [23/Jan/2023:16:36:51 -0300] "POST /users HTTP/1.1" 200 0
::1 - - [23/Jan/2023:16:36:52 -0300] "POST /users HTTP/1.1" 200 0
::1 - - [23/Jan/2023:16:36:52 -0300] "POST /info-users HTTP/1.1" 200 0
::1 - - [23/Jan/2023:16:36:52 -0300] "POST /info-users HTTP/1.1" 200 0
::1 - - [23/Jan/2023:16:53:53 -0300] "POST /protocols HTTP/1.1" 200 0
::1 - - [23/Jan/2023:16:53:54 -0300] "POST /protocols HTTP/1.1" 200 0
::1 - - [23/Jan/2023:16:53:54 -0300] "POST /urls HTTP/1.1" 200 0
::1 - - [23/Jan/2023:16:53:55 -0300] "POST /users HTTP/1.1" 200 0
::1 - - [23/Jan/2023:16:53:55 -0300] "POST /users HTTP/1.1" 200 0
::1 - - [23/Jan/2023:16:53:56 -0300] "POST /info-users HTTP/1.1" 200 0
::1 - - [23/Jan/2023:16:53:57 -0300] "POST /info-users HTTP/1.1" 200 0
::1 - - [23/Jan/2023:16:53:57 -0300] "POST /endpoints HTTP/1.1" 200 0
::1 - - [23/Jan/2023:16:53:58 -0300] "POST /query-values HTTP/1.1" 200 74
::1 - - [23/Jan/2023:16:53:59 -0300] "POST /query-values HTTP/1.1" 200 79
::1 - - [23/Jan/2023:16:54:00 -0300] "POST /query-values HTTP/1.1" 200 75
::1 - - [23/Jan/2023:16:54:07 -0300] "POST /query-values HTTP/1.1" 200 72
::1 - - [23/Jan/2023:16:54:08 -0300] "POST /query-values HTTP/1.1" 200 121
::1 - - [23/Jan/2023:16:54:09 -0300] "POST /query-values HTTP/1.1" 200 73
::1 - - [23/Jan/2023:16:54:10 -0300] "POST /query-keys HTTP/1.1" 200 0
::1 - - [23/Jan/2023:16:54:11 -0300] "POST /query-keys HTTP/1.1" 200 0
::1 - - [23/Jan/2023:16:54:11 -0300] "POST /query-keys HTTP/1.1" 200 0
::1 - - [23/Jan/2023:17:47:13 -0300] "POST /protocols HTTP/1.1" 200 0
::1 - - [23/Jan/2023:17:47:15 -0300] "POST /protocols HTTP/1.1" 200 0
::1 - - [23/Jan/2023:17:47:15 -0300] "POST /urls HTTP/1.1" 200 0
::1 - - [23/Jan/2023:17:47:15 -0300] "POST /users HTTP/1.1" 200 0
::1 - - [23/Jan/2023:17:47:15 -0300] "POST /users HTTP/1.1" 200 0
::1 - - [23/Jan/2023:17:47:15 -0300] "POST /info-users HTTP/1.1" 200 0
::1 - - [23/Jan/2023:17:47:16 -0300] "POST /info-users HTTP/1.1" 200 0
::1 - - [23/Jan/2023:17:47:16 -0300] "POST /endpoints HTTP/1.1" 200 0
::1 - - [23/Jan/2023:17:47:18 -0300] "POST /query-values HTTP/1.1" 500 170
::1 - - [23/Jan/2023:17:47:19 -0300] "POST /query-values HTTP/1.1" 500 175
::1 - - [23/Jan/2023:17:47:19 -0300] "POST /query-values HTTP/1.1" 500 171
::1 - - [23/Jan/2023:17:47:20 -0300] "POST /query-values HTTP/1.1" 500 168
::1 - - [23/Jan/2023:17:47:20 -0300] "POST /query-values HTTP/1.1" 500 217
::1 - - [23/Jan/2023:17:47:22 -0300] "POST /query-values HTTP/1.1" 500 169
::1 - - [23/Jan/2023:17:47:22 -0300] "POST /query-keys HTTP/1.1" 200 0
::1 - - [23/Jan/2023:17:47:24 -0300] "POST /query-keys HTTP/1.1" 200 0
::1 - - [23/Jan/2023:17:47:24 -0300] "POST /query-keys HTTP/1.1" 200 0
::1 - - [23/Jan/2023:18:01:05 -0300] "POST /protocols HTTP/1.1" 200 0
::1 - - [23/Jan/2023:18:01:08 -0300] "POST /protocols HTTP/1.1" 200 0
::1 - - [23/Jan/2023:18:01:08 -0300] "POST /urls HTTP/1.1" 200 0
::1 - - [23/Jan/2023:18:01:08 -0300] "POST /users HTTP/1.1" 200 0
::1 - - [23/Jan/2023:18:01:09 -0300] "POST /users HTTP/1.1" 200 0
::1 - - [23/Jan/2023:18:01:09 -0300] "POST /info-users HTTP/1.1" 200 0
::1 - - [23/Jan/2023:18:01:09 -0300] "POST /info-users HTTP/1.1" 200 0
::1 - - [23/Jan/2023:18:01:09 -0300] "POST /endpoints HTTP/1.1" 500 47
::1 - - [23/Jan/2023:18:01:12 -0300] "POST /query-values HTTP/1.1" 500 121
::1 - - [23/Jan/2023:18:01:14 -0300] "POST /query-values HTTP/1.1" 500 126
::1 - - [23/Jan/2023:18:01:14 -0300] "POST /query-values HTTP/1.1" 500 122
::1 - - [23/Jan/2023:18:01:15 -0300] "POST /query-values HTTP/1.1" 500 119
::1 - - [23/Jan/2023:18:01:15 -0300] "POST /query-values HTTP/1.1" 500 168
::1 - - [23/Jan/2023:18:01:16 -0300] "POST /query-values HTTP/1.1" 500 120
::1 - - [23/Jan/2023:18:01:16 -0300] "POST /query-keys HTTP/1.1" 500 47
::1 - - [23/Jan/2023:18:01:17 -0300] "POST /query-keys HTTP/1.1" 500 47
::1 - - [23/Jan/2023:18:01:17 -0300] "POST /query-keys HTTP/1.1" 500 47
::1 - - [23/Jan/2023:18:12:56 -0300] "POST /protocols HTTP/1.1" 200 0
::1 - - [23/Jan/2023:18:12:58 -0300] "POST /protocols HTTP/1.1" 200 0
::1 - - [23/Jan/2023:18:12:58 -0300] "POST /urls HTTP/1.1" 200 0
::1 - - [23/Jan/2023:18:12:58 -0300] "POST /users HTTP/1.1" 200 0
::1 - - [23/Jan/2023:18:12:58 -0300] "POST /users HTTP/1.1" 200 0
::1 - - [23/Jan/2023:18:12:58 -0300] "POST /info-users HTTP/1.1" 200 0
::1 - - [23/Jan/2023:18:12:58 -0300] "POST /info-users HTTP/1.1" 200 0
::1 - - [23/Jan/2023:18:12:59 -0300] "POST /endpoints HTTP/1.1" 500 59
::1 - - [23/Jan/2023:18:12:59 -0300] "POST /query-values HTTP/1.1" 500 133
::1 - - [23/Jan/2023:18:13:01 -0300] "POST /query-values HTTP/1.1" 500 138
::1 - - [23/Jan/2023:18:13:01 -0300] "POST /query-values HTTP/1.1" 500 134
::1 - - [23/Jan/2023:18:13:02 -0300] "POST /query-values HTTP/1.1" 500 131
::1 - - [23/Jan/2023:18:13:02 -0300] "POST /query-values HTTP/1.1" 500 180
::1 - - [23/Jan/2023:18:13:03 -0300] "POST /query-values HTTP/1.1" 500 132
::1 - - [23/Jan/2023:18:13:03 -0300] "POST /query-keys HTTP/1.1" 500 59
::1 - - [23/Jan/2023:18:13:04 -0300] "POST /query-keys HTTP/1.1" 500 59
::1 - - [23/Jan/2023:18:13:04 -0300] "POST /query-keys HTTP/1.1" 500 59
::1 - - [23/Jan/2023:21:04:47 -0300] "POST /protocols HTTP/1.1" 200 0
::1 - - [23/Jan/2023:21:04:52 -0300] "POST /protocols HTTP/1.1" 200 0
::1 - - [23/Jan/2023:21:04:53 -0300] "POST /urls HTTP/1.1" 200 0
::1 - - [23/Jan/2023:21:04:54 -0300] "POST /users HTTP/1.1" 200 0
::1 - - [23/Jan/2023:21:04:54 -0300] "POST /users HTTP/1.1" 200 0
::1 - - [23/Jan/2023:21:04:55 -0300] "POST /info-users HTTP/1.1" 200 0
::1 - - [23/Jan/2023:21:04:56 -0300] "POST /info-users HTTP/1.1" 200 0
::1 - - [23/Jan/2023:21:04:56 -0300] "POST /endpoints HTTP/1.1" 200 0
::1 - - [23/Jan/2023:21:05:03 -0300] "POST /query-values HTTP/1.1" 500 133
::1 - - [23/Jan/2023:21:05:04 -0300] "POST /query-values HTTP/1.1" 500 138
::1 - - [23/Jan/2023:21:05:05 -0300] "POST /query-values HTTP/1.1" 500 134
::1 - - [23/Jan/2023:21:05:05 -0300] "POST /query-values HTTP/1.1" 500 131
::1 - - [23/Jan/2023:21:05:07 -0300] "POST /query-values HTTP/1.1" 500 180
::1 - - [23/Jan/2023:21:05:09 -0300] "POST /query-values HTTP/1.1" 500 132
::1 - - [23/Jan/2023:21:05:10 -0300] "POST /query-keys HTTP/1.1" 200 0
::1 - - [23/Jan/2023:21:05:10 -0300] "POST /query-keys HTTP/1.1" 200 0
::1 - - [23/Jan/2023:21:05:11 -0300] "POST /query-keys HTTP/1.1" 200 0
::1 - - [23/Jan/2023:21:08:10 -0300] "POST /protocols HTTP/1.1" 200 0
::1 - - [23/Jan/2023:21:08:12 -0300] "POST /protocols HTTP/1.1" 200 0
::1 - - [23/Jan/2023:21:08:12 -0300] "POST /urls HTTP/1.1" 200 0
::1 - - [23/Jan/2023:21:08:13 -0300] "POST /users HTTP/1.1" 200 0
::1 - - [23/Jan/2023:21:08:13 -0300] "POST /users HTTP/1.1" 200 0
::1 - - [23/Jan/2023:21:08:13 -0300] "POST /info-users HTTP/1.1" 200 0
::1 - - [23/Jan/2023:21:08:13 -0300] "POST /info-users HTTP/1.1" 200 0
::1 - - [23/Jan/2023:21:08:13 -0300] "POST /endpoints HTTP/1.1" 200 0
::1 - - [23/Jan/2023:21:08:13 -0300] "POST /query-values HTTP/1.1" 200 74
::1 - - [23/Jan/2023:21:08:13 -0300] "POST /query-values HTTP/1.1" 200 79
::1 - - [23/Jan/2023:21:08:14 -0300] "POST /query-values HTTP/1.1" 200 75
::1 - - [23/Jan/2023:21:08:15 -0300] "POST /query-values HTTP/1.1" 200 72
::1 - - [23/Jan/2023:21:08:15 -0300] "POST /query-values HTTP/1.1" 200 121
::1 - - [23/Jan/2023:21:08:15 -0300] "POST /query-values HTTP/1.1" 200 73
::1 - - [23/Jan/2023:21:08:16 -0300] "POST /query-keys HTTP/1.1" 200 0
::1 - - [23/Jan/2023:21:08:16 -0300] "POST /query-keys HTTP/1.1" 200 0
::1 - - [23/Jan/2023:21:08:16 -0300] "POST /query-keys HTTP/1.1" 200 0
::1 - - [23/Jan/2023:22:17:44 -0300] "POST /protocols HTTP/1.1" 200 0
::1 - - [23/Jan/2023:22:17:45 -0300] "POST /protocols HTTP/1.1" 200 0
::1 - - [23/Jan/2023:22:17:45 -0300] "POST /urls HTTP/1.1" 200 0
::1 - - [23/Jan/2023:22:17:45 -0300] "POST /users HTTP/1.1" 200 0
::1 - - [23/Jan/2023:22:17:45 -0300] "POST /users HTTP/1.1" 200 0
::1 - - [23/Jan/2023:22:17:45 -0300] "POST /info-users HTTP/1.1" 200 0
::1 - - [23/Jan/2023:22:17:45 -0300] "POST /info-users HTTP/1.1" 200 0
::1 - - [23/Jan/2023:22:17:45 -0300] "POST /endpoints HTTP/1.1" 200 0
::1 - - [23/Jan/2023:22:17:46 -0300] "POST /query-values HTTP/1.1" 200 74
::1 - - [23/Jan/2023:22:17:47 -0300] "POST /query-values HTTP/1.1" 200 79
::1 - - [23/Jan/2023:22:17:47 -0300] "POST /query-values HTTP/1.1" 200 75
::1 - - [23/Jan/2023:22:17:48 -0300] "POST /query-values HTTP/1.1" 200 72
::1 - - [23/Jan/2023:22:17:48 -0300] "POST /query-values HTTP/1.1" 200 121
::1 - - [23/Jan/2023:22:17:49 -0300] "POST /query-values HTTP/1.1" 200 73
::1 - - [23/Jan/2023:22:17:49 -0300] "POST /query-keys HTTP/1.1" 200 0
::1 - - [23/Jan/2023:22:17:49 -0300] "POST /query-keys HTTP/1.1" 200 0
::1 - - [23/Jan/2023:22:17:49 -0300] "POST /query-keys HTTP/1.1" 200 0
::1 - - [24/Jan/2023:23:04:33 -0300] "POST /protocols HTTP/1.1" 200 30
::1 - - [24/Jan/2023:23:04:36 -0300] "POST /protocols HTTP/1.1" 200 29
::1 - - [24/Jan/2023:23:09:31 -0300] "POST /protocols HTTP/1.1" 200 30
::1 - - [24/Jan/2023:23:09:32 -0300] "POST /protocols HTTP/1.1" 200 29
::1 - - [25/Jan/2023:11:18:46 -0300] "POST /protocols HTTP/1.1" 200 30
::1 - - [25/Jan/2023:11:18:49 -0300] "POST /protocols HTTP/1.1" 200 29
::1 - - [25/Jan/2023:11:18:49 -0300] "POST /urls HTTP/1.1" 200 59
::1 - - [25/Jan/2023:11:18:51 -0300] "POST /users HTTP/1.1" 200 75
::1 - - [25/Jan/2023:11:18:52 -0300] "POST /users HTTP/1.1" 200 82
::1 - - [25/Jan/2023:11:18:52 -0300] "POST /info-users HTTP/1.1" 200 123
::1 - - [25/Jan/2023:11:18:53 -0300] "POST /info-users HTTP/1.1" 200 121
::1 - - [25/Jan/2023:11:18:53 -0300] "POST /query-keys HTTP/1.1" 500 181
::1 - - [25/Jan/2023:11:18:53 -0300] "POST /query-keys HTTP/1.1" 500 180
::1 - - [25/Jan/2023:11:18:53 -0300] "POST /query-keys HTTP/1.1" 500 180
::1 - - [25/Jan/2023:11:18:53 -0300] "POST /query-values HTTP/1.1" 500 202
::1 - - [25/Jan/2023:11:18:54 -0300] "POST /query-values HTTP/1.1" 500 207
::1 - - [25/Jan/2023:11:18:54 -0300] "POST /query-values HTTP/1.1" 500 203
::1 - - [25/Jan/2023:11:18:54 -0300] "POST /query-values HTTP/1.1" 500 200
::1 - - [25/Jan/2023:11:18:54 -0300] "POST /query-values HTTP/1.1" 500 249
::1 - - [25/Jan/2023:11:18:54 -0300] "POST /query-values HTTP/1.1" 500 201
::1 - - [25/Jan/2023:11:18:54 -0300] "POST /endpoints HTTP/1.1" 500 178
::1 - - [25/Jan/2023:11:32:03 -0300] "POST /protocols HTTP/1.1" 200 30
::1 - - [25/Jan/2023:11:32:03 -0300] "POST /protocols HTTP/1.1" 200 29
::1 - - [25/Jan/2023:11:32:03 -0300] "POST /urls HTTP/1.1" 200 59
::1 - - [25/Jan/2023:11:32:04 -0300] "POST /users HTTP/1.1" 200 75
::1 - - [25/Jan/2023:11:32:04 -0300] "POST /users HTTP/1.1" 200 82
::1 - - [25/Jan/2023:11:32:04 -0300] "POST /info-users HTTP/1.1" 200 123
::1 - - [25/Jan/2023:11:32:04 -0300] "POST /info-users HTTP/1.1" 200 121
::1 - - [25/Jan/2023:11:32:04 -0300] "POST /query-keys HTTP/1.1" 500 181
::1 - - [25/Jan/2023:11:32:05 -0300] "POST /query-keys HTTP/1.1" 500 180
::1 - - [25/Jan/2023:11:32:05 -0300] "POST /query-keys HTTP/1.1" 500 180
::1 - - [25/Jan/2023:11:32:05 -0300] "POST /query-values HTTP/1.1" 500 202
::1 - - [25/Jan/2023:11:32:05 -0300] "POST /query-values HTTP/1.1" 500 207
::1 - - [25/Jan/2023:11:32:05 -0300] "POST /query-values HTTP/1.1" 500 203
::1 - - [25/Jan/2023:11:32:05 -0300] "POST /query-values HTTP/1.1" 500 200
::1 - - [25/Jan/2023:11:32:06 -0300] "POST /query-values HTTP/1.1" 500 249
::1 - - [25/Jan/2023:11:32:06 -0300] "POST /query-values HTTP/1.1" 500 201
::1 - - [25/Jan/2023:11:32:06 -0300] "POST /endpoints HTTP/1.1" 500 178
::1 - - [25/Jan/2023:12:47:06 -0300] "POST /protocols HTTP/1.1" 200 30
::1 - - [25/Jan/2023:12:47:11 -0300] "POST /protocols HTTP/1.1" 200 29
::1 - - [25/Jan/2023:12:47:12 -0300] "POST /urls HTTP/1.1" 200 59
::1 - - [25/Jan/2023:12:47:12 -0300] "POST /users HTTP/1.1" 200 75
::1 - - [25/Jan/2023:12:47:12 -0300] "POST /users HTTP/1.1" 200 82
::1 - - [25/Jan/2023:12:47:12 -0300] "POST /info-users HTTP/1.1" 200 123
::1 - - [25/Jan/2023:12:47:13 -0300] "POST /info-users HTTP/1.1" 200 121
::1 - - [25/Jan/2023:12:47:13 -0300] "POST /query-keys HTTP/1.1" 200 55
::1 - - [25/Jan/2023:12:47:13 -0300] "POST /query-keys HTTP/1.1" 200 54
::1 - - [25/Jan/2023:12:47:13 -0300] "POST /query-keys HTTP/1.1" 200 54
::1 - - [25/Jan/2023:12:47:13 -0300] "POST /query-values HTTP/1.1" 200 74
::1 - - [25/Jan/2023:12:47:14 -0300] "POST /query-values HTTP/1.1" 200 79
::1 - - [25/Jan/2023:12:47:14 -0300] "POST /query-values HTTP/1.1" 200 75
::1 - - [25/Jan/2023:12:47:14 -0300] "POST /query-values HTTP/1.1" 200 72
::1 - - [25/Jan/2023:12:47:14 -0300] "POST /query-values HTTP/1.1" 200 121
::1 - - [25/Jan/2023:12:47:14 -0300] "POST /query-values HTTP/1.1" 200 73
::1 - - [25/Jan/2023:12:47:14 -0300] "POST /endpoints HTTP/1.1" 200 53
::1 - - [25/Jan/2023:13:02:48 -0300] "GET /protocols HTTP/1.1" 200 0
::1 - - [25/Jan/2023:13:02:48 -0300] "POST /protocols HTTP/1.1" 200 30
::1 - - [25/Jan/2023:13:02:49 -0300] "POST /protocols HTTP/1.1" 200 29
::1 - - [25/Jan/2023:13:02:50 -0300] "POST /urls HTTP/1.1" 200 59
::1 - - [25/Jan/2023:13:02:50 -0300] "POST /users HTTP/1.1" 200 75
::1 - - [25/Jan/2023:13:02:51 -0300] "POST /users HTTP/1.1" 200 82
::1 - - [25/Jan/2023:13:02:51 -0300] "POST /info-users HTTP/1.1" 200 123
::1 - - [25/Jan/2023:13:02:51 -0300] "POST /info-users HTTP/1.1" 200 121
::1 - - [25/Jan/2023:13:02:51 -0300] "POST /query-keys HTTP/1.1" 200 55
::1 - - [25/Jan/2023:13:02:52 -0300] "POST /query-keys HTTP/1.1" 200 54
::1 - - [25/Jan/2023:13:02:52 -0300] "POST /query-keys HTTP/1.1" 200 54
::1 - - [25/Jan/2023:13:02:52 -0300] "POST /query-values HTTP/1.1" 200 74
::1 - - [25/Jan/2023:13:02:52 -0300] "POST /query-values HTTP/1.1" 200 79
::1 - - [25/Jan/2023:13:02:52 -0300] "POST /query-values HTTP/1.1" 200 75
::1 - - [25/Jan/2023:13:02:52 -0300] "POST /query-values HTTP/1.1" 200 72
::1 - - [25/Jan/2023:13:02:53 -0300] "POST /query-values HTTP/1.1" 200 121
::1 - - [25/Jan/2023:13:02:53 -0300] "POST /query-values HTTP/1.1" 200 73
::1 - - [25/Jan/2023:13:02:53 -0300] "POST /endpoints HTTP/1.1" 200 53
::1 - - [25/Jan/2023:13:11:36 -0300] "GET /protocols HTTP/1.1" 200 0
::1 - - [25/Jan/2023:13:11:36 -0300] "POST /protocols HTTP/1.1" 200 30
::1 - - [25/Jan/2023:13:11:36 -0300] "POST /protocols HTTP/1.1" 200 29
::1 - - [25/Jan/2023:13:11:37 -0300] "POST /urls HTTP/1.1" 200 59
::1 - - [25/Jan/2023:13:11:37 -0300] "POST /users HTTP/1.1" 200 75
::1 - - [25/Jan/2023:13:11:37 -0300] "POST /users HTTP/1.1" 200 82
::1 - - [25/Jan/2023:13:11:38 -0300] "POST /info-users HTTP/1.1" 200 123
::1 - - [25/Jan/2023:13:11:38 -0300] "POST /info-users HTTP/1.1" 200 121
::1 - - [25/Jan/2023:13:11:38 -0300] "POST /query-keys HTTP/1.1" 200 55
::1 - - [25/Jan/2023:13:11:38 -0300] "POST /query-keys HTTP/1.1" 200 54
::1 - - [25/Jan/2023:13:11:38 -0300] "POST /query-keys HTTP/1.1" 200 54
::1 - - [25/Jan/2023:13:11:39 -0300] "POST /query-values HTTP/1.1" 200 74
::1 - - [25/Jan/2023:13:11:39 -0300] "POST /query-values HTTP/1.1" 200 79
::1 - - [25/Jan/2023:13:11:39 -0300] "POST /query-values HTTP/1.1" 200 75
::1 - - [25/Jan/2023:13:11:39 -0300] "POST /query-values HTTP/1.1" 200 72
::1 - - [25/Jan/2023:13:11:39 -0300] "POST /query-values HTTP/1.1" 200 121
::1 - - [25/Jan/2023:13:11:39 -0300] "POST /query-values HTTP/1.1" 200 73
::1 - - [25/Jan/2023:13:11:39 -0300] "POST /endpoints HTTP/1.1" 200 53
::1 - - [25/Jan/2023:14:04:03 -0300] "GET /protocols HTTP/1.1" 200 0
::1 - - [25/Jan/2023:14:04:03 -0300] "POST /protocols HTTP/1.1" 200 30
::1 - - [25/Jan/2023:14:04:05 -0300] "POST /protocols HTTP/1.1" 200 29
::1 - - [25/Jan/2023:14:04:06 -0300] "POST /urls HTTP/1.1" 200 59
::1 - - [25/Jan/2023:14:04:07 -0300] "POST /users HTTP/1.1" 200 75
::1 - - [25/Jan/2023:14:04:07 -0300] "POST /users HTTP/1.1" 200 82
::1 - - [25/Jan/2023:14:04:07 -0300] "POST /info-users HTTP/1.1" 200 123
::1 - - [25/Jan/2023:14:04:08 -0300] "POST /info-users HTTP/1.1" 200 121
::1 - - [25/Jan/2023:14:04:08 -0300] "POST /query-keys HTTP/1.1" 200 55
::1 - - [25/Jan/2023:14:04:08 -0300] "POST /query-keys HTTP/1.1" 200 54
::1 - - [25/Jan/2023:14:04:08 -0300] "POST /query-keys HTTP/1.1" 200 54
::1 - - [25/Jan/2023:14:04:08 -0300] "POST /query-values HTTP/1.1" 200 74
::1 - - [25/Jan/2023:14:04:08 -0300] "POST /query-values HTTP/1.1" 200 79
::1 - - [25/Jan/2023:14:04:08 -0300] "POST /query-values HTTP/1.1" 200 75
::1 - - [25/Jan/2023:14:04:08 -0300] "POST /query-values HTTP/1.1" 200 72
::1 - - [25/Jan/2023:14:04:08 -0300] "POST /query-values HTTP/1.1" 200 121
::1 - - [25/Jan/2023:14:04:08 -0300] "POST /query-values HTTP/1.1" 200 73
::1 - - [25/Jan/2023:14:04:08 -0300] "POST /endpoints HTTP/1.1" 200 53
::1 - - [25/Jan/2023:14:23:04 -0300] "POST /protocols HTTP/1.1" 200 30
::1 - - [25/Jan/2023:14:23:07 -0300] "POST /protocols HTTP/1.1" 200 29
::1 - - [25/Jan/2023:14:23:07 -0300] "POST /urls HTTP/1.1" 200 59
::1 - - [25/Jan/2023:14:23:07 -0300] "POST /users HTTP/1.1" 200 75
::1 - - [25/Jan/2023:14:23:10 -0300] "POST /users HTTP/1.1" 200 82
::1 - - [25/Jan/2023:14:23:13 -0300] "POST /info-users HTTP/1.1" 200 123
::1 - - [25/Jan/2023:14:23:13 -0300] "POST /info-users HTTP/1.1" 200 121
::1 - - [25/Jan/2023:14:23:14 -0300] "POST /query-keys HTTP/1.1" 200 55
::1 - - [25/Jan/2023:14:23:14 -0300] "POST /query-keys HTTP/1.1" 200 54
::1 - - [25/Jan/2023:14:23:15 -0300] "POST /query-keys HTTP/1.1" 200 54
::1 - - [25/Jan/2023:14:23:16 -0300] "POST /query-values HTTP/1.1" 200 74
::1 - - [25/Jan/2023:14:23:16 -0300] "POST /query-values HTTP/1.1" 200 79
::1 - - [25/Jan/2023:14:23:17 -0300] "POST /query-values HTTP/1.1" 200 75
::1 - - [25/Jan/2023:14:23:17 -0300] "POST /query-values HTTP/1.1" 200 72
::1 - - [25/Jan/2023:14:23:17 -0300] "POST /query-values HTTP/1.1" 200 121
::1 - - [25/Jan/2023:14:23:18 -0300] "POST /query-values HTTP/1.1" 200 73
::1 - - [25/Jan/2023:14:23:18 -0300] "POST /endpoints HTTP/1.1" 200 53
::1 - - [25/Jan/2023:14:52:17 -0300] "POST /protocols HTTP/1.1" 200 30
::1 - - [25/Jan/2023:14:52:21 -0300] "POST /protocols HTTP/1.1" 200 29
::1 - - [25/Jan/2023:14:52:22 -0300] "POST /urls HTTP/1.1" 200 59
::1 - - [25/Jan/2023:14:52:22 -0300] "POST /users HTTP/1.1" 200 75
::1 - - [25/Jan/2023:14:52:24 -0300] "POST /users HTTP/1.1" 200 82
::1 - - [25/Jan/2023:14:52:25 -0300] "POST /info-users HTTP/1.1" 200 123
::1 - - [25/Jan/2023:14:52:27 -0300] "POST /info-users HTTP/1.1" 200 121
::1 - - [25/Jan/2023:14:52:27 -0300] "POST /query-keys HTTP/1.1" 200 55
::1 - - [25/Jan/2023:14:52:28 -0300] "POST /query-keys HTTP/1.1" 200 54
::1 - - [25/Jan/2023:14:52:28 -0300] "POST /query-keys HTTP/1.1" 200 54
::1 - - [25/Jan/2023:14:52:28 -0300] "POST /query-values HTTP/1.1" 200 74
::1 - - [25/Jan/2023:14:52:28 -0300] "POST /query-values HTTP/1.1" 200 79
::1 - - [25/Jan/2023:14:52:29 -0300] "POST /query-values HTTP/1.1" 200 75
::1 - - [25/Jan/2023:14:52:29 -0300] "POST /query-values HTTP/1.1" 200 72
::1 - - [25/Jan/2023:14:52:30 -0300] "POST /query-values HTTP/1.1" 200 121
::1 - - [25/Jan/2023:14:52:30 -0300] "POST /query-values HTTP/1.1" 200 73
::1 - - [25/Jan/2023:14:52:30 -0300] "POST /endpoints HTTP/1.1" 200 53
::1 - - [25/Jan/2023:15:04:23 -0300] "POST /protocols HTTP/1.1" 200 30
::1 - - [25/Jan/2023:15:04:26 -0300] "POST /protocols HTTP/1.1" 200 29
::1 - - [25/Jan/2023:15:04:29 -0300] "POST /urls HTTP/1.1" 200 59
::1 - - [25/Jan/2023:15:04:29 -0300] "POST /users HTTP/1.1" 200 75
::1 - - [25/Jan/2023:15:04:30 -0300] "POST /users HTTP/1.1" 200 82
::1 - - [25/Jan/2023:15:04:30 -0300] "POST /info-users HTTP/1.1" 200 123
::1 - - [25/Jan/2023:15:04:30 -0300] "POST /info-users HTTP/1.1" 200 121
::1 - - [25/Jan/2023:15:04:30 -0300] "POST /query-keys HTTP/1.1" 200 55
::1 - - [25/Jan/2023:15:04:30 -0300] "POST /query-keys HTTP/1.1" 200 54
::1 - - [25/Jan/2023:15:04:31 -0300] "POST /query-keys HTTP/1.1" 200 54
::1 - - [25/Jan/2023:15:04:31 -0300] "POST /query-values HTTP/1.1" 200 74
::1 - - [25/Jan/2023:15:04:31 -0300] "POST /query-values HTTP/1.1" 200 79
::1 - - [25/Jan/2023:15:04:31 -0300] "POST /query-values HTTP/1.1" 200 75
::1 - - [25/Jan/2023:15:04:31 -0300] "POST /query-values HTTP/1.1" 200 72
::1 - - [25/Jan/2023:15:04:31 -0300] "POST /query-values HTTP/1.1" 200 121
::1 - - [25/Jan/2023:15:04:31 -0300] "POST /query-values HTTP/1.1" 200 73
::1 - - [25/Jan/2023:15:04:31 -0300] "POST /endpoints HTTP/1.1" 200 53
127.0.0.1 - - [25/Jan/2023:15:09:35 -0300] "POST /protocols HTTP/1.1" 400 35
127.0.0.1 - - [25/Jan/2023:16:49:12 -0300] "POST /protocols HTTP/1.1" 400 35
127.0.0.1 - - [25/Jan/2023:16:49:33 -0300] "GET /protocols HTTP/1.1" 200 0
127.0.0.1 - - [25/Jan/2023:16:50:05 -0300] "GET /protocols HTTP/1.1" 200 0
127.0.0.1 - - [25/Jan/2023:16:51:52 -0300] "GET /protocols HTTP/1.1" 200 0
127.0.0.1 - - [25/Jan/2023:16:52:09 -0300] "GET /protocols HTTP/1.1" 200 0
127.0.0.1 - - [25/Jan/2023:16:53:50 -0300] "GET /protocols?q=s HTTP/1.1" 200 0
::1 - - [25/Jan/2023:16:55:25 -0300] "GET /protocols HTTP/1.1" 200 0
::1 - - [25/Jan/2023:16:55:30 -0300] "GET /favicon.ico HTTP/1.1" 404 19
::1 - - [25/Jan/2023:16:55:41 -0300] "GET /protocolsQ=S HTTP/1.1" 404 19
::1 - - [25/Jan/2023:16:56:10 -0300] "GET /protocols?q=s HTTP/1.1" 200 0
127.0.0.1 - - [25/Jan/2023:17:07:13 -0300] "GET /protocols?q=s HTTP/1.1" 200 0
